[0813/185408.209:ERROR:process_info.cc(329)] VirtualQueryEx: Access is denied. (0x5)
[0813/185408.216:ERROR:process_info.cc(556)] ReadMemoryInfo failed
[0813/185408.218:ERROR:scoped_process_suspend.cc(40)] NtResumeProcess: An attempt was made to access an exiting process. (0xc000010a)
[0827/231654.539:ERROR:process_reader_win.cc(151)] SuspendThread: Access is denied. (0x5)
[0827/231654.545:ERROR:process_reader_win.cc(151)] SuspendThread: Access is denied. (0x5)
[0827/231654.545:ERROR:process_reader_win.cc(123)] NtOpenThread: {Access Denied} A process has requested access to an object, but has not been granted those access rights. (0xc0000022)
[0827/231654.552:ERROR:exception_snapshot_win.cc(98)] thread ID 14592 not found in process
[0827/231654.599:ERROR:process_reader_win.cc(151)] SuspendThread: Access is denied. (0x5)
[0827/231654.599:ERROR:process_reader_win.cc(151)] SuspendThread: Access is denied. (0x5)
[0827/231654.599:ERROR:process_reader_win.cc(123)] NtOpenThread: {Access Denied} A process has requested access to an object, but has not been granted those access rights. (0xc0000022)
[0827/231654.599:ERROR:exception_snapshot_win.cc(98)] thread ID 14236 not found in process
[0827/231654.765:ERROR:process_reader_win.cc(151)] SuspendThread: Access is denied. (0x5)
[0827/231654.765:ERROR:process_reader_win.cc(151)] SuspendThread: Access is denied. (0x5)
[0827/231654.765:ERROR:process_reader_win.cc(151)] SuspendThread: Access is denied. (0x5)
[0827/231654.765:ERROR:process_reader_win.cc(151)] SuspendThread: Access is denied. (0x5)
[0827/231654.765:ERROR:process_reader_win.cc(151)] SuspendThread: Access is denied. (0x5)
[0827/231654.765:ERROR:process_reader_win.cc(151)] SuspendThread: Access is denied. (0x5)
[0827/231654.770:ERROR:process_reader_win.cc(151)] SuspendThread: Access is denied. (0x5)
[0827/231654.771:ERROR:process_reader_win.cc(151)] SuspendThread: Access is denied. (0x5)
[0827/231654.771:ERROR:process_reader_win.cc(151)] SuspendThread: Access is denied. (0x5)
[0827/231654.771:ERROR:process_reader_win.cc(151)] SuspendThread: Access is denied. (0x5)
[0827/231654.771:ERROR:process_reader_win.cc(151)] SuspendThread: Access is denied. (0x5)
[0827/231654.771:ERROR:process_reader_win.cc(151)] SuspendThread: Access is denied. (0x5)
[0827/231654.771:ERROR:process_reader_win.cc(151)] SuspendThread: Access is denied. (0x5)
[0827/231654.771:ERROR:process_reader_win.cc(151)] SuspendThread: Access is denied. (0x5)
[0827/231654.771:ERROR:process_reader_win.cc(123)] NtOpenThread: {Access Denied} A process has requested access to an object, but has not been granted those access rights. (0xc0000022)
[0827/231654.771:ERROR:exception_snapshot_win.cc(98)] thread ID 15256 not found in process
[0827/231654.781:ERROR:process_reader_win.cc(151)] SuspendThread: Access is denied. (0x5)
[0827/231654.781:ERROR:process_reader_win.cc(151)] SuspendThread: Access is denied. (0x5)
[0827/231654.781:ERROR:process_reader_win.cc(151)] SuspendThread: Access is denied. (0x5)
[0827/231654.781:ERROR:process_reader_win.cc(151)] SuspendThread: Access is denied. (0x5)
[0827/231654.781:ERROR:process_reader_win.cc(151)] SuspendThread: Access is denied. (0x5)
[0827/231654.781:ERROR:process_reader_win.cc(151)] SuspendThread: Access is denied. (0x5)
[0827/231654.781:ERROR:process_reader_win.cc(151)] SuspendThread: Access is denied. (0x5)
[0827/231654.781:ERROR:process_reader_win.cc(151)] SuspendThread: Access is denied. (0x5)
[0827/231654.782:ERROR:process_reader_win.cc(151)] SuspendThread: Access is denied. (0x5)
[0827/231654.782:ERROR:process_reader_win.cc(151)] SuspendThread: Access is denied. (0x5)
[0827/231654.782:ERROR:process_reader_win.cc(151)] SuspendThread: Access is denied. (0x5)
[0827/231654.782:ERROR:process_reader_win.cc(151)] SuspendThread: Access is denied. (0x5)
[0827/231654.782:ERROR:process_reader_win.cc(151)] SuspendThread: Access is denied. (0x5)
[0827/231654.782:ERROR:process_reader_win.cc(123)] NtOpenThread: {Access Denied} A process has requested access to an object, but has not been granted those access rights. (0xc0000022)
[0827/231654.782:ERROR:exception_snapshot_win.cc(98)] thread ID 15108 not found in process
[0827/231654.814:ERROR:process_reader_win.cc(151)] SuspendThread: Access is denied. (0x5)
[0827/231654.814:ERROR:process_reader_win.cc(151)] SuspendThread: Access is denied. (0x5)
[0827/231654.814:ERROR:process_reader_win.cc(151)] SuspendThread: Access is denied. (0x5)
[0827/231654.814:ERROR:process_reader_win.cc(151)] SuspendThread: Access is denied. (0x5)
[0827/231654.814:ERROR:process_reader_win.cc(151)] SuspendThread: Access is denied. (0x5)
[0827/231654.814:ERROR:process_reader_win.cc(151)] SuspendThread: Access is denied. (0x5)
[0827/231654.814:ERROR:process_reader_win.cc(151)] SuspendThread: Access is denied. (0x5)
[0827/231654.814:ERROR:process_reader_win.cc(151)] SuspendThread: Access is denied. (0x5)
[0827/231654.814:ERROR:process_reader_win.cc(151)] SuspendThread: Access is denied. (0x5)
[0827/231654.814:ERROR:process_reader_win.cc(151)] SuspendThread: Access is denied. (0x5)
[0827/231654.814:ERROR:process_reader_win.cc(151)] SuspendThread: Access is denied. (0x5)
[0827/231654.814:ERROR:process_reader_win.cc(151)] SuspendThread: Access is denied. (0x5)
[0827/231654.814:ERROR:process_reader_win.cc(151)] SuspendThread: Access is denied. (0x5)
[0827/231654.814:ERROR:process_reader_win.cc(123)] NtOpenThread: {Access Denied} A process has requested access to an object, but has not been granted those access rights. (0xc0000022)
[0827/231654.814:ERROR:exception_snapshot_win.cc(98)] thread ID 15100 not found in process
[0827/231654.873:ERROR:process_reader_win.cc(151)] SuspendThread: Access is denied. (0x5)
[0827/231654.873:ERROR:process_reader_win.cc(151)] SuspendThread: Access is denied. (0x5)
[0827/231654.873:ERROR:process_reader_win.cc(151)] SuspendThread: Access is denied. (0x5)
[0827/231654.873:ERROR:process_reader_win.cc(151)] SuspendThread: Access is denied. (0x5)
[0827/231654.873:ERROR:process_reader_win.cc(151)] SuspendThread: Access is denied. (0x5)
[0827/231654.873:ERROR:process_reader_win.cc(151)] SuspendThread: Access is denied. (0x5)
[0827/231654.873:ERROR:process_reader_win.cc(151)] SuspendThread: Access is denied. (0x5)
[0827/231654.873:ERROR:process_reader_win.cc(151)] SuspendThread: Access is denied. (0x5)
[0827/231654.873:ERROR:process_reader_win.cc(151)] SuspendThread: Access is denied. (0x5)
[0827/231654.873:ERROR:process_reader_win.cc(151)] SuspendThread: Access is denied. (0x5)
[0827/231654.873:ERROR:process_reader_win.cc(151)] SuspendThread: Access is denied. (0x5)
[0827/231654.873:ERROR:process_reader_win.cc(151)] SuspendThread: Access is denied. (0x5)
[0827/231654.873:ERROR:process_reader_win.cc(151)] SuspendThread: Access is denied. (0x5)
[0827/231654.873:ERROR:process_reader_win.cc(151)] SuspendThread: Access is denied. (0x5)
[0827/231654.873:ERROR:process_reader_win.cc(151)] SuspendThread: Access is denied. (0x5)
[0827/231654.873:ERROR:process_reader_win.cc(151)] SuspendThread: Access is denied. (0x5)
[0827/231654.873:ERROR:process_reader_win.cc(151)] SuspendThread: Access is denied. (0x5)
[0827/231654.873:ERROR:process_reader_win.cc(151)] SuspendThread: Access is denied. (0x5)
[0827/231654.873:ERROR:process_reader_win.cc(151)] SuspendThread: Access is denied. (0x5)
[0827/231654.873:ERROR:process_reader_win.cc(151)] SuspendThread: Access is denied. (0x5)
[0827/231654.873:ERROR:process_reader_win.cc(151)] SuspendThread: Access is denied. (0x5)
[0827/231654.873:ERROR:process_reader_win.cc(151)] SuspendThread: Access is denied. (0x5)
[0827/231654.873:ERROR:process_reader_win.cc(151)] SuspendThread: Access is denied. (0x5)
[0827/231654.874:ERROR:process_reader_win.cc(151)] SuspendThread: Access is denied. (0x5)
[0827/231654.874:ERROR:process_reader_win.cc(123)] NtOpenThread: {Access Denied} A process has requested access to an object, but has not been granted those access rights. (0xc0000022)
[0827/231654.874:ERROR:process_reader_win.cc(151)] SuspendThread: Access is denied. (0x5)
[0827/231654.874:ERROR:exception_snapshot_win.cc(98)] thread ID 14460 not found in process
[0827/231654.874:ERROR:process_reader_win.cc(151)] SuspendThread: Access is denied. (0x5)
[0827/231654.874:ERROR:process_reader_win.cc(151)] SuspendThread: Access is denied. (0x5)
[0827/231654.874:ERROR:process_reader_win.cc(123)] NtOpenThread: {Access Denied} A process has requested access to an object, but has not been granted those access rights. (0xc0000022)
[0827/231654.875:ERROR:exception_snapshot_win.cc(98)] thread ID 820 not found in process
